<?xml version="1.0" encoding="UTF-8"?>
<!-- Generated by org.testng.reporters.JUnitReportReporter -->
<testsuite hostname="DESKTOP-CPFMQFA" failures="0" tests="1" name="MockedTest" time="0.006" errors="0" timestamp="13 lip 2020 18:38:48 GMT" skipped="0">
  <testcase classname="MockedTest" name="mockedTest" time="0.006"/>
</testsuite> <!-- MockedTest -->
